<html>
<head>
<title>Boost Library Status Error Log</title>
</head>
<body bgcolor="#ffffff" text="#000000">
<table border="0">
<h1>Library Status: safe_numerics/test</h1>
<b>Run Date:</b> 20:10:49 UTC, Friday 03 May 2019
<br></table>
<br>
<h2><a name="bin.v2/libs/safe_numerics/test/test_constexpr.test/clang-darwin-14/debug/visibility-hidden">bin.v2/libs/safe_numerics/test/test_constexpr.test/clang-darwin-14/debug/visibility-hidden</a></h2>
<h3>Compiler output:</h3><pre>
In file included from test_constexpr.cpp:11:
../../../boost/safe_numerics/safe_integer_literal.hpp:134:16: error: no matching member function for call to 'minus_helper'
        return minus_helper&amp;lt;T, N&amp;gt;();
               ^~~~~~~~~~~~~~~~~~
test_constexpr.cpp:54:30: note: in instantiation of member function 'boost::safe_numerics::safe_literal_impl&amp;lt;unsigned short, 1000, boost::safe_numerics::native, boost::safe_numerics::exception_policy&amp;lt;boost::safe_numerics::trap_exception, boost::safe_numerics::ignore_exception, boost::safe_numerics::ignore_exception, boost::safe_numerics::ignore_exception&amp;gt; &amp;gt;::operator-' requested here
    constexpr auto minus_x = -x;
                             ^
../../../boost/safe_numerics/safe_integer_literal.hpp:129:20: note: candidate template ignored: requirement '!checked::minus(1000Ui16).exception()' was not satisfied [with Tx = unsigned short, Nx = 1000]
    constexpr auto minus_helper() const {
                   ^
../../../boost/safe_numerics/safe_integer_literal.hpp:149:38: error: non-type template argument evaluates to -1001, which cannot be narrowed to type 'unsigned short' [-Wc++11-narrowing]
        return safe_literal_impl&amp;lt;Tx, ~N, P, E&amp;gt;();
                                     ^
../../../boost/safe_numerics/safe_integer_literal.hpp:153:16: note: in instantiation of function template specialization 'boost::safe_numerics::safe_literal_impl&amp;lt;unsigned short, 1000, boost::safe_numerics::native, boost::safe_numerics::exception_policy&amp;lt;boost::safe_numerics::trap_exception, boost::safe_numerics::ignore_exception, boost::safe_numerics::ignore_exception, boost::safe_numerics::ignore_exception&amp;gt; &amp;gt;::not_helper&amp;lt;unsigned short, 1000, void&amp;gt;' requested here
        return not_helper&amp;lt;T, N&amp;gt;();
               ^
test_constexpr.cpp:61:28: note: in instantiation of member function 'boost::safe_numerics::safe_literal_impl&amp;lt;unsigned short, 1000, boost::safe_numerics::native, boost::safe_numerics::exception_policy&amp;lt;boost::safe_numerics::trap_exception, boost::safe_numerics::ignore_exception, boost::safe_numerics::ignore_exception, boost::safe_numerics::ignore_exception&amp;gt; &amp;gt;::operator~' requested here
    constexpr auto not_x = ~x;
                           ^
2 errors generated.
(failed-as-expected) ../../../bin.v2/libs/safe_numerics/test/test_constexpr.test/clang-darwin-14/debug/visibility-hidden/test_constexpr.o
</pre>
<h2><a name="bin.v2/libs/safe_numerics/test/test_constexpr.test/clang-darwin-14/release/visibility-hidden">bin.v2/libs/safe_numerics/test/test_constexpr.test/clang-darwin-14/release/visibility-hidden</a></h2>
<h3>Compiler output:</h3><pre>
In file included from test_constexpr.cpp:11:
../../../boost/safe_numerics/safe_integer_literal.hpp:134:16: error: no matching member function for call to 'minus_helper'
        return minus_helper&amp;lt;T, N&amp;gt;();
               ^~~~~~~~~~~~~~~~~~
test_constexpr.cpp:54:30: note: in instantiation of member function 'boost::safe_numerics::safe_literal_impl&amp;lt;unsigned short, 1000, boost::safe_numerics::native, boost::safe_numerics::exception_policy&amp;lt;boost::safe_numerics::trap_exception, boost::safe_numerics::ignore_exception, boost::safe_numerics::ignore_exception, boost::safe_numerics::ignore_exception&amp;gt; &amp;gt;::operator-' requested here
    constexpr auto minus_x = -x;
                             ^
../../../boost/safe_numerics/safe_integer_literal.hpp:129:20: note: candidate template ignored: requirement '!checked::minus(1000Ui16).exception()' was not satisfied [with Tx = unsigned short, Nx = 1000]
    constexpr auto minus_helper() const {
                   ^
../../../boost/safe_numerics/safe_integer_literal.hpp:149:38: error: non-type template argument evaluates to -1001, which cannot be narrowed to type 'unsigned short' [-Wc++11-narrowing]
        return safe_literal_impl&amp;lt;Tx, ~N, P, E&amp;gt;();
                                     ^
../../../boost/safe_numerics/safe_integer_literal.hpp:153:16: note: in instantiation of function template specialization 'boost::safe_numerics::safe_literal_impl&amp;lt;unsigned short, 1000, boost::safe_numerics::native, boost::safe_numerics::exception_policy&amp;lt;boost::safe_numerics::trap_exception, boost::safe_numerics::ignore_exception, boost::safe_numerics::ignore_exception, boost::safe_numerics::ignore_exception&amp;gt; &amp;gt;::not_helper&amp;lt;unsigned short, 1000, void&amp;gt;' requested here
        return not_helper&amp;lt;T, N&amp;gt;();
               ^
test_constexpr.cpp:61:28: note: in instantiation of member function 'boost::safe_numerics::safe_literal_impl&amp;lt;unsigned short, 1000, boost::safe_numerics::native, boost::safe_numerics::exception_policy&amp;lt;boost::safe_numerics::trap_exception, boost::safe_numerics::ignore_exception, boost::safe_numerics::ignore_exception, boost::safe_numerics::ignore_exception&amp;gt; &amp;gt;::operator~' requested here
    constexpr auto not_x = ~x;
                           ^
2 errors generated.
(failed-as-expected) ../../../bin.v2/libs/safe_numerics/test/test_constexpr.test/clang-darwin-14/release/visibility-hidden/test_constexpr.o
</pre>
<h2><a name="bin.v2/libs/safe_numerics/test/test_constexpr.test/darwin-7.1~14/debug/visibility-hidden">bin.v2/libs/safe_numerics/test/test_constexpr.test/darwin-7.1~14/debug/visibility-hidden</a></h2>
<h3>Compiler output:</h3><pre>
In file included from test_constexpr.cpp:11:0:
../../../boost/safe_numerics/safe_integer_literal.hpp: In instantiation of ‘constexpr auto boost::safe_numerics::safe_literal_impl&amp;lt;T, N, P, E&amp;gt;::operator-() const [with T = short unsigned int; T N = 1000; P = boost::safe_numerics::native; E = boost::safe_numerics::exception_policy&amp;lt;boost::safe_numerics::trap_exception, boost::safe_numerics::ignore_exception, boost::safe_numerics::ignore_exception, boost::safe_numerics::ignore_exception&amp;gt;]’:
test_constexpr.cpp:54:31:   required from here
../../../boost/safe_numerics/safe_integer_literal.hpp:134:34: error: no matching function for call to ‘boost::safe_numerics::safe_literal_impl&amp;lt;short unsigned int, 1000, boost::safe_numerics::native, boost::safe_numerics::exception_policy&amp;lt;boost::safe_numerics::trap_exception, boost::safe_numerics::ignore_exception, boost::safe_numerics::ignore_exception, boost::safe_numerics::ignore_exception&amp;gt; &amp;gt;::minus_helper&amp;lt;short unsigned int, 1000&amp;gt;() const’
         return minus_helper&amp;lt;T, N&amp;gt;();
                ~~~~~~~~~~~~~~~~~~^~
../../../boost/safe_numerics/safe_integer_literal.hpp:129:20: note: candidate: template&amp;lt;class Tx, Tx Nx, class&amp;gt; constexpr auto boost::safe_numerics::safe_literal_impl&amp;lt;T, N, P, E&amp;gt;::minus_helper() const [with Tx = Tx; Tx Nx = Nx; &amp;lt;template-parameter-2-3&amp;gt; = &amp;lt;template-parameter-1-3&amp;gt;; T = short unsigned int; T N = 1000; P = boost::safe_numerics::native; E = boost::safe_numerics::exception_policy&amp;lt;boost::safe_numerics::trap_exception, boost::safe_numerics::ignore_exception, boost::safe_numerics::ignore_exception, boost::safe_numerics::ignore_exception&amp;gt;]
     constexpr auto minus_helper() const {
                    ^~~~~~~~~~~~
../../../boost/safe_numerics/safe_integer_literal.hpp:129:20: note:   template argument deduction/substitution failed:
test_constexpr.cpp: In function ‘int main()’:
test_constexpr.cpp:54:20: error: ‘constexpr const void minus_x’ has incomplete type
     constexpr auto minus_x = -x;
                    ^~~~~~~
...removing ../../../bin.v2/libs/safe_numerics/test/test_constexpr.test/darwin-7.1~14/debug/visibility-hidden/test_constexpr.o
(failed-as-expected) ../../../bin.v2/libs/safe_numerics/test/test_constexpr.test/darwin-7.1~14/debug/visibility-hidden/test_constexpr.o
</pre>
<h2><a name="bin.v2/libs/safe_numerics/test/test_constexpr.test/darwin-7.1~14/release/visibility-hidden">bin.v2/libs/safe_numerics/test/test_constexpr.test/darwin-7.1~14/release/visibility-hidden</a></h2>
<h3>Compiler output:</h3><pre>
In file included from test_constexpr.cpp:11:0:
../../../boost/safe_numerics/safe_integer_literal.hpp: In instantiation of ‘constexpr auto boost::safe_numerics::safe_literal_impl&amp;lt;T, N, P, E&amp;gt;::operator-() const [with T = short unsigned int; T N = 1000; P = boost::safe_numerics::native; E = boost::safe_numerics::exception_policy&amp;lt;boost::safe_numerics::trap_exception, boost::safe_numerics::ignore_exception, boost::safe_numerics::ignore_exception, boost::safe_numerics::ignore_exception&amp;gt;]’:
test_constexpr.cpp:54:31:   required from here
../../../boost/safe_numerics/safe_integer_literal.hpp:134:34: error: no matching function for call to ‘boost::safe_numerics::safe_literal_impl&amp;lt;short unsigned int, 1000, boost::safe_numerics::native, boost::safe_numerics::exception_policy&amp;lt;boost::safe_numerics::trap_exception, boost::safe_numerics::ignore_exception, boost::safe_numerics::ignore_exception, boost::safe_numerics::ignore_exception&amp;gt; &amp;gt;::minus_helper&amp;lt;short unsigned int, 1000&amp;gt;() const’
         return minus_helper&amp;lt;T, N&amp;gt;();
                ~~~~~~~~~~~~~~~~~~^~
../../../boost/safe_numerics/safe_integer_literal.hpp:129:20: note: candidate: template&amp;lt;class Tx, Tx Nx, class&amp;gt; constexpr auto boost::safe_numerics::safe_literal_impl&amp;lt;T, N, P, E&amp;gt;::minus_helper() const [with Tx = Tx; Tx Nx = Nx; &amp;lt;template-parameter-2-3&amp;gt; = &amp;lt;template-parameter-1-3&amp;gt;; T = short unsigned int; T N = 1000; P = boost::safe_numerics::native; E = boost::safe_numerics::exception_policy&amp;lt;boost::safe_numerics::trap_exception, boost::safe_numerics::ignore_exception, boost::safe_numerics::ignore_exception, boost::safe_numerics::ignore_exception&amp;gt;]
     constexpr auto minus_helper() const {
                    ^~~~~~~~~~~~
../../../boost/safe_numerics/safe_integer_literal.hpp:129:20: note:   template argument deduction/substitution failed:
test_constexpr.cpp: In function ‘int main()’:
test_constexpr.cpp:54:20: error: ‘constexpr const void minus_x’ has incomplete type
     constexpr auto minus_x = -x;
                    ^~~~~~~
...removing ../../../bin.v2/libs/safe_numerics/test/test_constexpr.test/darwin-7.1~14/release/visibility-hidden/test_constexpr.o
(failed-as-expected) ../../../bin.v2/libs/safe_numerics/test/test_constexpr.test/darwin-7.1~14/release/visibility-hidden/test_constexpr.o
</pre>
<h2><a name="bin.v2/libs/safe_numerics/test/test_construction.test/darwin-7.1~14/release/visibility-hidden">bin.v2/libs/safe_numerics/test/test_construction.test/darwin-7.1~14/release/visibility-hidden</a></h2>
<h3>Compiler output:</h3><pre>
In file included from test_construction.cpp:11:0:
../../../boost/safe_numerics/safe_compare.hpp: In function ‘bool test_construction(T1, const char*, const char*) [with T2 = signed char; T1 = short int]’:
../../../boost/safe_numerics/safe_compare.hpp:112:22: warning: ‘t2’ may be used uninitialized in this function [-Wmaybe-uninitialized]
             return t == u;
                    ~~^~~~
test_construction.cpp:41:12: note: ‘t2’ was declared here
         T2 t2;
            ^~
In file included from test_construction.cpp:11:0:
../../../boost/safe_numerics/safe_compare.hpp:112:22: warning: ‘t2’ may be used uninitialized in this function [-Wmaybe-uninitialized]
             return t == u;
                    ~~^~~~
test_construction.cpp:96:12: note: ‘t2’ was declared here
         T2 t2;
            ^~
In file included from test_construction.cpp:11:0:
../../../boost/safe_numerics/safe_compare.hpp: In function ‘bool test_construction(T1, const char*, const char*) [with T2 = signed char; T1 = int]’:
../../../boost/safe_numerics/safe_compare.hpp:112:22: warning: ‘t2’ may be used uninitialized in this function [-Wmaybe-uninitialized]
             return t == u;
                    ~~^~~~
test_construction.cpp:41:12: note: ‘t2’ was declared here
         T2 t2;
            ^~
In file included from test_construction.cpp:11:0:
../../../boost/safe_numerics/safe_compare.hpp:112:22: warning: ‘t2’ may be used uninitialized in this function [-Wmaybe-uninitialized]
             return t == u;
                    ~~^~~~
test_construction.cpp:96:12: note: ‘t2’ was declared here
         T2 t2;
            ^~
In file included from test_construction.cpp:11:0:
../../../boost/safe_numerics/safe_compare.hpp: In function ‘bool test_construction(T1, const char*, const char*) [with T2 = signed char; T1 = long long int]’:
../../../boost/safe_numerics/safe_compare.hpp:112:22: warning: ‘t2’ may be used uninitialized in this function [-Wmaybe-uninitialized]
             return t == u;
                    ~~^~~~
test_construction.cpp:41:12: note: ‘t2’ was declared here
         T2 t2;
            ^~
In file included from test_construction.cpp:11:0:
../../../boost/safe_numerics/safe_compare.hpp:112:22: warning: ‘t2’ may be used uninitialized in this function [-Wmaybe-uninitialized]
             return t == u;
                    ~~^~~~
test_construction.cpp:96:12: note: ‘t2’ was declared here
         T2 t2;
            ^~
In file included from test_construction.cpp:11:0:
../../../boost/safe_numerics/safe_compare.hpp: In function ‘bool test_construction(T1, const char*, const char*) [with T2 = signed char; T1 = unsigned char]’:
../../../boost/safe_numerics/safe_compare.hpp:141:48: warning: ‘t2’ may be used uninitialized in this function [-Wmaybe-uninitialized]
                     equal&amp;lt;false, false&amp;gt;::invoke(
                     ~~~~~~~~~~~~~~~~~~~~~~~~~~~^
                         static_cast&amp;lt;const typename make_unsigned&amp;lt;T&amp;gt;::type &amp;amp;&amp;gt;(t),
                         ~~~~~~~~~~~~~~~~~~~~~~~~~~~~~~~~~~~~~~~~~~~~~~~~~~~~~~~~
                         u
                         ~                       
                     )
                     ~                           
test_construction.cpp:41:12: note: ‘t2’ was declared here
         T2 t2;
            ^~
In file included from test_construction.cpp:11:0:
../../../boost/safe_numerics/safe_compare.hpp:125:48: warning: ‘t2’ may be used uninitialized in this function [-Wmaybe-uninitialized]
                     equal&amp;lt;false, false&amp;gt;::invoke(
                     ~~~~~~~~~~~~~~~~~~~~~~~~~~~^
                         t,
                         ~~                      
                         static_cast&amp;lt;const typename make_unsigned&amp;lt;U&amp;gt;::type &amp;amp;&amp;gt;(u)
                         ~~~~~~~~~~~~~~~~~~~~~~~~~~~~~~~~~~~~~~~~~~~~~~~~~~~~~~~
                     )
                     ~                           
test_construction.cpp:96:12: note: ‘t2’ was declared here
         T2 t2;
            ^~
In file included from test_construction.cpp:11:0:
../../../boost/safe_numerics/safe_compare.hpp: In function ‘bool test_construction(T1, const char*, const char*) [with T2 = signed char; T1 = short unsigned int]’:
../../../boost/safe_numerics/safe_compare.hpp:112:22: warning: ‘t2’ may be used uninitialized in this function [-Wmaybe-uninitialized]
             return t == u;
                    ~~^~~~
test_construction.cpp:41:12: note: ‘t2’ was declared here
         T2 t2;
            ^~
In file included from test_construction.cpp:11:0:
../../../boost/safe_numerics/safe_compare.hpp:112:22: warning: ‘t2’ may be used uninitialized in this function [-Wmaybe-uninitialized]
             return t == u;
                    ~~^~~~
test_construction.cpp:96:12: note: ‘t2’ was declared here
         T2 t2;
            ^~
In file included from test_construction.cpp:11:0:
../../../boost/safe_numerics/safe_compare.hpp: In function ‘bool test_construction(T1, const char*, const char*) [with T2 = signed char; T1 = long long unsigned int]’:
../../../boost/safe_numerics/safe_compare.hpp:112:22: warning: ‘t2’ may be used uninitialized in this function [-Wmaybe-uninitialized]
             return t == u;
                    ~~^~~~
test_construction.cpp:41:12: note: ‘t2’ was declared here
         T2 t2;
            ^~
In file included from test_construction.cpp:11:0:
../../../boost/safe_numerics/safe_compare.hpp:112:22: warning: ‘t2’ may be used uninitialized in this function [-Wmaybe-uninitialized]
             return t == u;
                    ~~^~~~
test_construction.cpp:96:12: note: ‘t2’ was declared here
         T2 t2;
            ^~
In file included from test_construction.cpp:11:0:
../../../boost/safe_numerics/safe_compare.hpp: In function ‘bool test_construction(T1, const char*, const char*) [with T2 = short int; T1 = int]’:
../../../boost/safe_numerics/safe_compare.hpp:112:22: warning: ‘t2’ may be used uninitialized in this function [-Wmaybe-uninitialized]
             return t == u;
                    ~~^~~~
test_construction.cpp:41:12: note: ‘t2’ was declared here
         T2 t2;
            ^~
In file included from test_construction.cpp:11:0:
../../../boost/safe_numerics/safe_compare.hpp:112:22: warning: ‘t2’ may be used uninitialized in this function [-Wmaybe-uninitialized]
             return t == u;
                    ~~^~~~
test_construction.cpp:96:12: note: ‘t2’ was declared here
         T2 t2;
            ^~
In file included from test_construction.cpp:11:0:
../../../boost/safe_numerics/safe_compare.hpp: In function ‘bool test_construction(T1, const char*, const char*) [with T2 = short int; T1 = long long int]’:
../../../boost/safe_numerics/safe_compare.hpp:112:22: warning: ‘t2’ may be used uninitialized in this function [-Wmaybe-uninitialized]
             return t == u;
                    ~~^~~~
test_construction.cpp:41:12: note: ‘t2’ was declared here
         T2 t2;
            ^~
In file included from test_construction.cpp:11:0:
../../../boost/safe_numerics/safe_compare.hpp:112:22: warning: ‘t2’ may be used uninitialized in this function [-Wmaybe-uninitialized]
             return t == u;
                    ~~^~~~
test_construction.cpp:96:12: note: ‘t2’ was declared here
         T2 t2;
            ^~
In file included from test_construction.cpp:11:0:
../../../boost/safe_numerics/safe_compare.hpp: In function ‘bool test_construction(T1, const char*, const char*) [with T2 = short int; T1 = short unsigned int]’:
../../../boost/safe_numerics/safe_compare.hpp:141:48: warning: ‘t2’ may be used uninitialized in this function [-Wmaybe-uninitialized]
                     equal&amp;lt;false, false&amp;gt;::invoke(
                     ~~~~~~~~~~~~~~~~~~~~~~~~~~~^
                         static_cast&amp;lt;const typename make_unsigned&amp;lt;T&amp;gt;::type &amp;amp;&amp;gt;(t),
                         ~~~~~~~~~~~~~~~~~~~~~~~~~~~~~~~~~~~~~~~~~~~~~~~~~~~~~~~~
                         u
                         ~                       
                     )
                     ~                           
test_construction.cpp:41:12: note: ‘t2’ was declared here
         T2 t2;
            ^~
In file included from test_construction.cpp:11:0:
../../../boost/safe_numerics/safe_compare.hpp:125:48: warning: ‘t2’ may be used uninitialized in this function [-Wmaybe-uninitialized]
                     equal&amp;lt;false, false&amp;gt;::invoke(
                     ~~~~~~~~~~~~~~~~~~~~~~~~~~~^
                         t,
                         ~~                      
                         static_cast&amp;lt;const typename make_unsigned&amp;lt;U&amp;gt;::type &amp;amp;&amp;gt;(u)
                         ~~~~~~~~~~~~~~~~~~~~~~~~~~~~~~~~~~~~~~~~~~~~~~~~~~~~~~~
                     )
                     ~                           
test_construction.cpp:96:12: note: ‘t2’ was declared here
         T2 t2;
            ^~
In file included from test_construction.cpp:11:0:
../../../boost/safe_numerics/safe_compare.hpp: In function ‘bool test_construction(T1, const char*, const char*) [with T2 = int; T1 = long long int]’:
../../../boost/safe_numerics/safe_compare.hpp:112:22: warning: ‘t2’ may be used uninitialized in this function [-Wmaybe-uninitialized]
             return t == u;
                    ~~^~~~
test_construction.cpp:41:12: note: ‘t2’ was declared here
         T2 t2;
            ^~
In file included from test_construction.cpp:11:0:
../../../boost/safe_numerics/safe_compare.hpp:112:22: warning: ‘t2’ may be used uninitialized in this function [-Wmaybe-uninitialized]
             return t == u;
                    ~~^~~~
test_construction.cpp:96:12: note: ‘t2’ was declared here
         T2 t2;
            ^~
In file included from test_construction.cpp:11:0:
../../../boost/safe_numerics/safe_compare.hpp: In function ‘bool test_cons...
   (remainder deleted because of excessive size)
</pre>
<h2><a name="bin.v2/libs/safe_numerics/test/test_range.test/darwin-7.1~14/debug/visibility-hidden">bin.v2/libs/safe_numerics/test/test_range.test/darwin-7.1~14/debug/visibility-hidden</a></h2>
<h3>Compiler output:</h3><pre>
test_range.cpp: In function ‘bool test2()’:
test_range.cpp:69:27: warning: variable ‘zi’ set but not used [-Wunused-but-set-variable]
             short int yi, zi;
                           ^~
</pre>
<h2><a name="bin.v2/libs/safe_numerics/test/test_range.test/darwin-7.1~14/release/visibility-hidden">bin.v2/libs/safe_numerics/test/test_range.test/darwin-7.1~14/release/visibility-hidden</a></h2>
<h3>Compiler output:</h3><pre>
test_range.cpp: In function ‘bool test2()’:
test_range.cpp:69:27: warning: variable ‘zi’ set but not used [-Wunused-but-set-variable]
             short int yi, zi;
                           ^~
</pre>
<h2><a name="bin.v2/libs/safe_numerics/test/test_trap.test/clang-darwin-14/debug/visibility-hidden">bin.v2/libs/safe_numerics/test/test_trap.test/clang-darwin-14/debug/visibility-hidden</a></h2>
<h3>Compiler output:</h3><pre>
In file included from test_trap.cpp:12:
../../../boost/safe_numerics/exception_policies.hpp:151:22: error: no template named 'checked_result'
    constexpr static checked_result&amp;lt;R&amp;gt; invoke(
                     ^
../../../boost/safe_numerics/exception_policies.hpp:155:16: error: use of undeclared identifier 'checked_result'
        return checked_result&amp;lt;R&amp;gt;(E, msg);
               ^
../../../boost/safe_numerics/exception_policies.hpp:155:31: error: 'R' does not refer to a value
        return checked_result&amp;lt;R&amp;gt;(E, msg);
                              ^
../../../boost/safe_numerics/exception_policies.hpp:147:26: note: declared here
template&amp;lt;class EP, class R&amp;gt;
                         ^
../../../boost/safe_numerics/exception_policies.hpp:155:34: warning: expression result unused [-Wunused-value]
        return checked_result&amp;lt;R&amp;gt;(E, msg);
                                 ^
In file included from test_trap.cpp:13:
In file included from ../../../boost/safe_numerics/safe_integer.hpp:12:
../../../boost/safe_numerics/checked_integer.hpp:72:29: error: 'invoke' following the 'template' keyword does not refer to a template
                F::template invoke&amp;lt;safe_numerics_error::negative_overflow_error&amp;gt;(
                ~~~         ^
../../../boost/safe_numerics/checked_integer.hpp:147:31: note: in instantiation of member function 'boost::safe_numerics::heterogeneous_checked_operation&amp;lt;int, signed char, boost::safe_numerics::dispatch_and_return&amp;lt;boost::safe_numerics::exception_policy&amp;lt;boost::safe_numerics::trap_exception, boost::safe_numerics::ignore_exception, boost::safe_numerics::ignore_exception, boost::safe_numerics::ignore_exception&amp;gt;, int&amp;gt;, void&amp;gt;::cast_impl_detail::cast_impl' requested here
            cast_impl_detail::cast_impl(
                              ^
../../../boost/safe_numerics/safe_base_operations.hpp:296:8: note: in instantiation of member function 'boost::safe_numerics::heterogeneous_checked_operation&amp;lt;int, signed char, boost::safe_numerics::dispatch_and_return&amp;lt;boost::safe_numerics::exception_policy&amp;lt;boost::safe_numerics::trap_exception, boost::safe_numerics::ignore_exception, boost::safe_numerics::ignore_exception, boost::safe_numerics::ignore_exception&amp;gt;, int&amp;gt;, void&amp;gt;::cast' requested here
    &amp;gt;::cast(base_value(t));
       ^
../../../boost/safe_numerics/safe_base_operations.hpp:719:45: note: in instantiation of function template specialization 'boost::safe_numerics::casting_helper&amp;lt;boost::safe_numerics::exception_policy&amp;lt;boost::safe_numerics::trap_exception, boost::safe_numerics::ignore_exception, boost::safe_numerics::ignore_exception, boost::safe_numerics::ignore_exception&amp;gt;, int, boost::safe_numerics::safe_base&amp;lt;signed char, '\x80', '\x7F', boost::safe_numerics::native, boost::safe_numerics::exception_policy&amp;lt;boost::safe_numerics::trap_exception, boost::safe_numerics::ignore_exception, boost::safe_numerics::ignore_exception, boost::safe_numerics::ignore_exception&amp;gt; &amp;gt;, boost::safe_numerics::safe_base&amp;lt;signed char, '\x80', '\x7F', boost::safe_numerics::native, boost::safe_numerics::exception_policy&amp;lt;boost::safe_numerics::trap_exception, boost::safe_numerics::ignore_exception, boost::safe_numerics::ignore_exception, boost::safe_numerics::ignore_exception&amp;gt; &amp;gt; &amp;gt;' requested here
        const std::pair&amp;lt;t_type, t_type&amp;gt; r = casting_helper&amp;lt;
                                            ^
../../../boost/safe_numerics/safe_base_operations.hpp:805:13: note: in instantiation of member function 'boost::safe_numerics::division_result&amp;lt;boost::safe_numerics::safe_base&amp;lt;signed char, '\x80', '\x7F', boost::safe_numerics::native, boost::safe_numerics::exception_policy&amp;lt;boost::safe_numerics::trap_exception, boost::safe_numerics::ignore_exception, boost::safe_numerics::ignore_exception, boost::safe_numerics::ignore_exception&amp;gt; &amp;gt;, boost::safe_numerics::safe_base&amp;lt;signed char, '\x80', '\x7F', boost::safe_numerics::native, boost::safe_numerics::exception_policy&amp;lt;boost::safe_numerics::trap_exception, boost::safe_numerics::ignore_exception, boost::safe_numerics::ignore_exception, boost::safe_numerics::ignore_exception&amp;gt; &amp;gt; &amp;gt;::return_value' requested here
            return_value(
            ^
../../../boost/safe_numerics/safe_base_operations.hpp:821:35: note: in instantiation of member function 'boost::safe_numerics::division_result&amp;lt;boost::safe_numerics::safe_base&amp;lt;signed char, '\x80', '\x7F', boost::safe_numerics::native, boost::safe_numerics::exception_policy&amp;lt;boost::safe_numerics::trap_exception, boost::safe_numerics::ignore_exception, boost::safe_numerics::ignore_exception, boost::safe_numerics::ignore_exception&amp;gt; &amp;gt;, boost::safe_numerics::safe_base&amp;lt;signed char, '\x80', '\x7F', boost::safe_numerics::native, boost::safe_numerics::exception_policy&amp;lt;boost::safe_numerics::trap_exception, boost::safe_numerics::ignore_exception, boost::safe_numerics::ignore_exception, boost::safe_numerics::ignore_exception&amp;gt; &amp;gt; &amp;gt;::return_value' requested here
    return division_result&amp;lt;T, U&amp;gt;::return_value(t, u);
                                  ^
test_trap.cpp:30:7: note: in instantiation of function template specialization 'boost::safe_numerics::operator/&amp;lt;boost::safe_numerics::safe_base&amp;lt;signed char, '\x80', '\x7F', boost::safe_numerics::native, boost::safe_numerics::exception_policy&amp;lt;boost::safe_numerics::trap_exception, boost::safe_numerics::ignore_exception, boost::safe_numerics::ignore_exception, boost::safe_numerics::ignore_exception&amp;gt; &amp;gt;, boost::safe_numerics::safe_base&amp;lt;signed char, '\x80', '\x7F', boost::safe_numerics::native, boost::safe_numerics::exception_policy&amp;lt;boost::safe_numerics::trap_exception, boost::safe_numerics::ignore_exception, boost::safe_numerics::ignore_exception, boost::safe_numerics::ignore_exception&amp;gt; &amp;gt; &amp;gt;' requested here
    t / u;  // could fail regardless of data type
      ^
test_trap.cpp:39:5: note: in instantiation of function template specialization 'test&amp;lt;signed char, signed char&amp;gt;' requested here
    test&amp;lt;std::int8_t, std::int8_t&amp;gt;();   // should compile
    ^
In file included from test_trap.cpp:13:
In file included from ../../../boost/safe_numerics/safe_integer.hpp:12:
../../../boost/safe_numerics/checked_integer.hpp:510:32: error: 'invoke' following the 'template' keyword does not refer to a template
            return F::template invoke&amp;lt;safe_numerics_error::domain_error&amp;gt;(
                   ~~~         ^
../../../boost/safe_numerics/safe_base_operations.hpp:727:12: note: in instantiation of member function 'boost::safe_numerics::checked_operation&amp;lt;int, boost::safe_numerics::dispatch_and_return&amp;lt;boost::safe_numerics::exception_policy&amp;lt;boost::safe_numerics::trap_exception, boost::safe_numerics::ignore_exception, boost::safe_numerics::ignore_exception, boost::safe_numerics::ignore_exception&amp;gt;, int&amp;gt;, void&amp;gt;::divide' requested here
        &amp;gt;::divide(r.first, r.second);
           ^
../../../boost/safe_numerics/safe_base_operations.hpp:805:13: note: in instantiation of member function 'boost::safe_numerics::division_result&amp;lt;boost::safe_numerics::safe_base&amp;lt;signed char, '\x80', '\x7F', boost::safe_numerics::native, boost::safe_numerics::exception_policy&amp;lt;boost::safe_numerics::trap_exception, boost::safe_numerics::ignore_exception, boost::safe_numerics::ignore_exception, boost::safe_numerics::ignore_exception&amp;gt; &amp;gt;, boost::safe_numerics::safe_base&amp;lt;signed char, '\x80', '\x7F', boost::safe_numerics::native, boost::safe_numerics::exception_policy&amp;lt;boost::safe_numerics::trap_exception, boost::safe_numerics::ignore_exception, boost::safe_numerics::ignore_exception, boost::safe_numerics::ignore_exception&amp;gt; &amp;gt; &amp;gt;::return_value' requested here
            return_value(
            ^
../../../boost/safe_numerics/safe_base_operations.hpp:821:35: note: in instantiation of member function 'boost::safe_numerics::division_result&amp;lt;boost::safe_numerics::safe_base&amp;lt;signed char, '\x80', '\x7F', boost::safe_numerics::native, boost::safe_numerics::exception_policy&amp;lt;boost::safe_numerics::trap_exception, boost::safe_numerics::ignore_exception, boost::safe_numerics::ignore_exception, boost::safe_numerics::ignore_exception&amp;gt; &amp;gt;, boost::safe_numerics::safe_base&amp;lt;signed char, '\x80', '\x7F', boost::safe_numerics::native, boost::safe_numerics::exception_policy&amp;lt;boost::safe_numerics::trap_exception, boost::safe_numerics::ignore_exception, boost::safe_numerics::ignore_exception, boost::safe_numerics::ignore_exception&amp;gt; &amp;gt; &amp;gt;::return_value' requested here
    return division_result&amp;lt;T, U&amp;gt;::return_value(t, u);
                                  ^
test_trap.cpp:30:7: note: in instantiation of function template specialization 'boost::safe_numerics::operator/&amp;lt;boost::safe_numerics::safe_base&amp;lt;signed char, '\x80', '\x7F', boost::safe_numerics::native, boost::safe_numerics::exception_policy&amp;lt;boost::safe_numerics::trap_exception, boost::safe_numerics::ignore_exception, boost::safe_numerics::ignore_exception, boost::safe_numerics::ignore_exception&amp;gt; &amp;gt;, boost::safe_numerics::safe_base&amp;lt;signed char, '\x80', '\x7F', boost::safe_numerics::native, boost::safe_numerics::exception_policy&amp;lt;boost::safe_numerics::trap_exception, boost::safe_numerics::ignore_exception, boost::safe_numerics::ignore_exception, boost::safe_numerics::ignore_exception&amp;gt; &amp;gt; &amp;gt;' requested here
    t / u;  // could fail regardless of data type
      ^
test_trap.cpp:39:5: note: in instantiation of function template specialization 'test&amp;lt;signed char, signed char&amp;gt;' requested here
    test&amp;lt;std::int8_t, std::int8_t&amp;gt;();   // should compile
    ^
In file included from test_trap.cpp:13:
In file included from ../../../boost/safe_numerics/safe_integer.hpp:12:
../../../boost/safe_numerics/checked_integer.hpp:498:33: error: 'invoke' following the 'template' keyword does not refer to a template
                    F:...
   (remainder deleted because of excessive size)
</pre>
<h2><a name="bin.v2/libs/safe_numerics/test/test_trap.test/clang-darwin-14/release/visibility-hidden">bin.v2/libs/safe_numerics/test/test_trap.test/clang-darwin-14/release/visibility-hidden</a></h2>
<h3>Compiler output:</h3><pre>
In file included from test_trap.cpp:12:
../../../boost/safe_numerics/exception_policies.hpp:151:22: error: no template named 'checked_result'
    constexpr static checked_result&amp;lt;R&amp;gt; invoke(
                     ^
../../../boost/safe_numerics/exception_policies.hpp:155:16: error: use of undeclared identifier 'checked_result'
        return checked_result&amp;lt;R&amp;gt;(E, msg);
               ^
../../../boost/safe_numerics/exception_policies.hpp:155:31: error: 'R' does not refer to a value
        return checked_result&amp;lt;R&amp;gt;(E, msg);
                              ^
../../../boost/safe_numerics/exception_policies.hpp:147:26: note: declared here
template&amp;lt;class EP, class R&amp;gt;
                         ^
../../../boost/safe_numerics/exception_policies.hpp:155:34: warning: expression result unused [-Wunused-value]
        return checked_result&amp;lt;R&amp;gt;(E, msg);
                                 ^
In file included from test_trap.cpp:13:
In file included from ../../../boost/safe_numerics/safe_integer.hpp:12:
../../../boost/safe_numerics/checked_integer.hpp:72:29: error: 'invoke' following the 'template' keyword does not refer to a template
                F::template invoke&amp;lt;safe_numerics_error::negative_overflow_error&amp;gt;(
                ~~~         ^
../../../boost/safe_numerics/checked_integer.hpp:147:31: note: in instantiation of member function 'boost::safe_numerics::heterogeneous_checked_operation&amp;lt;int, signed char, boost::safe_numerics::dispatch_and_return&amp;lt;boost::safe_numerics::exception_policy&amp;lt;boost::safe_numerics::trap_exception, boost::safe_numerics::ignore_exception, boost::safe_numerics::ignore_exception, boost::safe_numerics::ignore_exception&amp;gt;, int&amp;gt;, void&amp;gt;::cast_impl_detail::cast_impl' requested here
            cast_impl_detail::cast_impl(
                              ^
../../../boost/safe_numerics/safe_base_operations.hpp:296:8: note: in instantiation of member function 'boost::safe_numerics::heterogeneous_checked_operation&amp;lt;int, signed char, boost::safe_numerics::dispatch_and_return&amp;lt;boost::safe_numerics::exception_policy&amp;lt;boost::safe_numerics::trap_exception, boost::safe_numerics::ignore_exception, boost::safe_numerics::ignore_exception, boost::safe_numerics::ignore_exception&amp;gt;, int&amp;gt;, void&amp;gt;::cast' requested here
    &amp;gt;::cast(base_value(t));
       ^
../../../boost/safe_numerics/safe_base_operations.hpp:719:45: note: in instantiation of function template specialization 'boost::safe_numerics::casting_helper&amp;lt;boost::safe_numerics::exception_policy&amp;lt;boost::safe_numerics::trap_exception, boost::safe_numerics::ignore_exception, boost::safe_numerics::ignore_exception, boost::safe_numerics::ignore_exception&amp;gt;, int, boost::safe_numerics::safe_base&amp;lt;signed char, '\x80', '\x7F', boost::safe_numerics::native, boost::safe_numerics::exception_policy&amp;lt;boost::safe_numerics::trap_exception, boost::safe_numerics::ignore_exception, boost::safe_numerics::ignore_exception, boost::safe_numerics::ignore_exception&amp;gt; &amp;gt;, boost::safe_numerics::safe_base&amp;lt;signed char, '\x80', '\x7F', boost::safe_numerics::native, boost::safe_numerics::exception_policy&amp;lt;boost::safe_numerics::trap_exception, boost::safe_numerics::ignore_exception, boost::safe_numerics::ignore_exception, boost::safe_numerics::ignore_exception&amp;gt; &amp;gt; &amp;gt;' requested here
        const std::pair&amp;lt;t_type, t_type&amp;gt; r = casting_helper&amp;lt;
                                            ^
../../../boost/safe_numerics/safe_base_operations.hpp:805:13: note: in instantiation of member function 'boost::safe_numerics::division_result&amp;lt;boost::safe_numerics::safe_base&amp;lt;signed char, '\x80', '\x7F', boost::safe_numerics::native, boost::safe_numerics::exception_policy&amp;lt;boost::safe_numerics::trap_exception, boost::safe_numerics::ignore_exception, boost::safe_numerics::ignore_exception, boost::safe_numerics::ignore_exception&amp;gt; &amp;gt;, boost::safe_numerics::safe_base&amp;lt;signed char, '\x80', '\x7F', boost::safe_numerics::native, boost::safe_numerics::exception_policy&amp;lt;boost::safe_numerics::trap_exception, boost::safe_numerics::ignore_exception, boost::safe_numerics::ignore_exception, boost::safe_numerics::ignore_exception&amp;gt; &amp;gt; &amp;gt;::return_value' requested here
            return_value(
            ^
../../../boost/safe_numerics/safe_base_operations.hpp:821:35: note: in instantiation of member function 'boost::safe_numerics::division_result&amp;lt;boost::safe_numerics::safe_base&amp;lt;signed char, '\x80', '\x7F', boost::safe_numerics::native, boost::safe_numerics::exception_policy&amp;lt;boost::safe_numerics::trap_exception, boost::safe_numerics::ignore_exception, boost::safe_numerics::ignore_exception, boost::safe_numerics::ignore_exception&amp;gt; &amp;gt;, boost::safe_numerics::safe_base&amp;lt;signed char, '\x80', '\x7F', boost::safe_numerics::native, boost::safe_numerics::exception_policy&amp;lt;boost::safe_numerics::trap_exception, boost::safe_numerics::ignore_exception, boost::safe_numerics::ignore_exception, boost::safe_numerics::ignore_exception&amp;gt; &amp;gt; &amp;gt;::return_value' requested here
    return division_result&amp;lt;T, U&amp;gt;::return_value(t, u);
                                  ^
test_trap.cpp:30:7: note: in instantiation of function template specialization 'boost::safe_numerics::operator/&amp;lt;boost::safe_numerics::safe_base&amp;lt;signed char, '\x80', '\x7F', boost::safe_numerics::native, boost::safe_numerics::exception_policy&amp;lt;boost::safe_numerics::trap_exception, boost::safe_numerics::ignore_exception, boost::safe_numerics::ignore_exception, boost::safe_numerics::ignore_exception&amp;gt; &amp;gt;, boost::safe_numerics::safe_base&amp;lt;signed char, '\x80', '\x7F', boost::safe_numerics::native, boost::safe_numerics::exception_policy&amp;lt;boost::safe_numerics::trap_exception, boost::safe_numerics::ignore_exception, boost::safe_numerics::ignore_exception, boost::safe_numerics::ignore_exception&amp;gt; &amp;gt; &amp;gt;' requested here
    t / u;  // could fail regardless of data type
      ^
test_trap.cpp:39:5: note: in instantiation of function template specialization 'test&amp;lt;signed char, signed char&amp;gt;' requested here
    test&amp;lt;std::int8_t, std::int8_t&amp;gt;();   // should compile
    ^
In file included from test_trap.cpp:13:
In file included from ../../../boost/safe_numerics/safe_integer.hpp:12:
../../../boost/safe_numerics/checked_integer.hpp:510:32: error: 'invoke' following the 'template' keyword does not refer to a template
            return F::template invoke&amp;lt;safe_numerics_error::domain_error&amp;gt;(
                   ~~~         ^
../../../boost/safe_numerics/safe_base_operations.hpp:727:12: note: in instantiation of member function 'boost::safe_numerics::checked_operation&amp;lt;int, boost::safe_numerics::dispatch_and_return&amp;lt;boost::safe_numerics::exception_policy&amp;lt;boost::safe_numerics::trap_exception, boost::safe_numerics::ignore_exception, boost::safe_numerics::ignore_exception, boost::safe_numerics::ignore_exception&amp;gt;, int&amp;gt;, void&amp;gt;::divide' requested here
        &amp;gt;::divide(r.first, r.second);
           ^
../../../boost/safe_numerics/safe_base_operations.hpp:805:13: note: in instantiation of member function 'boost::safe_numerics::division_result&amp;lt;boost::safe_numerics::safe_base&amp;lt;signed char, '\x80', '\x7F', boost::safe_numerics::native, boost::safe_numerics::exception_policy&amp;lt;boost::safe_numerics::trap_exception, boost::safe_numerics::ignore_exception, boost::safe_numerics::ignore_exception, boost::safe_numerics::ignore_exception&amp;gt; &amp;gt;, boost::safe_numerics::safe_base&amp;lt;signed char, '\x80', '\x7F', boost::safe_numerics::native, boost::safe_numerics::exception_policy&amp;lt;boost::safe_numerics::trap_exception, boost::safe_numerics::ignore_exception, boost::safe_numerics::ignore_exception, boost::safe_numerics::ignore_exception&amp;gt; &amp;gt; &amp;gt;::return_value' requested here
            return_value(
            ^
../../../boost/safe_numerics/safe_base_operations.hpp:821:35: note: in instantiation of member function 'boost::safe_numerics::division_result&amp;lt;boost::safe_numerics::safe_base&amp;lt;signed char, '\x80', '\x7F', boost::safe_numerics::native, boost::safe_numerics::exception_policy&amp;lt;boost::safe_numerics::trap_exception, boost::safe_numerics::ignore_exception, boost::safe_numerics::ignore_exception, boost::safe_numerics::ignore_exception&amp;gt; &amp;gt;, boost::safe_numerics::safe_base&amp;lt;signed char, '\x80', '\x7F', boost::safe_numerics::native, boost::safe_numerics::exception_policy&amp;lt;boost::safe_numerics::trap_exception, boost::safe_numerics::ignore_exception, boost::safe_numerics::ignore_exception, boost::safe_numerics::ignore_exception&amp;gt; &amp;gt; &amp;gt;::return_value' requested here
    return division_result&amp;lt;T, U&amp;gt;::return_value(t, u);
                                  ^
test_trap.cpp:30:7: note: in instantiation of function template specialization 'boost::safe_numerics::operator/&amp;lt;boost::safe_numerics::safe_base&amp;lt;signed char, '\x80', '\x7F', boost::safe_numerics::native, boost::safe_numerics::exception_policy&amp;lt;boost::safe_numerics::trap_exception, boost::safe_numerics::ignore_exception, boost::safe_numerics::ignore_exception, boost::safe_numerics::ignore_exception&amp;gt; &amp;gt;, boost::safe_numerics::safe_base&amp;lt;signed char, '\x80', '\x7F', boost::safe_numerics::native, boost::safe_numerics::exception_policy&amp;lt;boost::safe_numerics::trap_exception, boost::safe_numerics::ignore_exception, boost::safe_numerics::ignore_exception, boost::safe_numerics::ignore_exception&amp;gt; &amp;gt; &amp;gt;' requested here
    t / u;  // could fail regardless of data type
      ^
test_trap.cpp:39:5: note: in instantiation of function template specialization 'test&amp;lt;signed char, signed char&amp;gt;' requested here
    test&amp;lt;std::int8_t, std::int8_t&amp;gt;();   // should compile
    ^
In file included from test_trap.cpp:13:
In file included from ../../../boost/safe_numerics/safe_integer.hpp:12:
../../../boost/safe_numerics/checked_integer.hpp:498:33: error: 'invoke' following the 'template' keyword does not refer to a template
                    F:...
   (remainder deleted because of excessive size)
</pre>
<h2><a name="bin.v2/libs/safe_numerics/test/test_trap.test/darwin-7.1~14/debug/visibility-hidden">bin.v2/libs/safe_numerics/test/test_trap.test/darwin-7.1~14/debug/visibility-hidden</a></h2>
<h3>Compiler output:</h3><pre>
In file included from test_trap.cpp:12:0:
../../../boost/safe_numerics/exception_policies.hpp:151:22: error: ‘checked_result’ does not name a type
     constexpr static checked_result&amp;lt;R&amp;gt; invoke(
                      ^~~~~~~~~~~~~~
In file included from ../../../boost/safe_numerics/safe_integer.hpp:12:0,
                 from test_trap.cpp:13:
../../../boost/safe_numerics/checked_integer.hpp: In instantiation of ‘static constexpr boost::safe_numerics::checked_result&amp;lt;R&amp;gt; boost::safe_numerics::heterogeneous_checked_operation&amp;lt;R, T, F, typename std::enable_if&amp;lt;(std::is_integral&amp;lt;_Tp&amp;gt;::value &amp;amp;&amp;amp; std::is_integral&amp;lt;U&amp;gt;::value)&amp;gt;::type&amp;gt;::cast_impl_detail::cast_impl(const T&amp;amp;, std::true_type, std::true_type) [with R = int; T = signed char; F = boost::safe_numerics::dispatch_and_return&amp;lt;boost::safe_numerics::exception_policy&amp;lt;boost::safe_numerics::trap_exception, boost::safe_numerics::ignore_exception, boost::safe_numerics::ignore_exception, boost::safe_numerics::ignore_exception&amp;gt;, int&amp;gt;; std::true_type = std::integral_constant&amp;lt;bool, true&amp;gt;]’:
../../../boost/safe_numerics/checked_integer.hpp:147:40:   required from ‘static constexpr boost::safe_numerics::checked_result&amp;lt;R&amp;gt; boost::safe_numerics::heterogeneous_checked_operation&amp;lt;R, T, F, typename std::enable_if&amp;lt;(std::is_integral&amp;lt;_Tp&amp;gt;::value &amp;amp;&amp;amp; std::is_integral&amp;lt;U&amp;gt;::value)&amp;gt;::type&amp;gt;::cast(const T&amp;amp;) [with R = int; T = signed char; F = boost::safe_numerics::dispatch_and_return&amp;lt;boost::safe_numerics::exception_policy&amp;lt;boost::safe_numerics::trap_exception, boost::safe_numerics::ignore_exception, boost::safe_numerics::ignore_exception, boost::safe_numerics::ignore_exception&amp;gt;, int&amp;gt;]’
../../../boost/safe_numerics/safe_base_operations.hpp:296:12:   required from ‘constexpr std::pair&amp;lt;R, R&amp;gt; boost::safe_numerics::casting_helper(const T&amp;amp;, const U&amp;amp;) [with EP = boost::safe_numerics::exception_policy&amp;lt;boost::safe_numerics::trap_exception, boost::safe_numerics::ignore_exception, boost::safe_numerics::ignore_exception, boost::safe_numerics::ignore_exception&amp;gt;; R = int; T = boost::safe_numerics::safe_base&amp;lt;signed char, -128, 127, boost::safe_numerics::native, boost::safe_numerics::exception_policy&amp;lt;boost::safe_numerics::trap_exception, boost::safe_numerics::ignore_exception, boost::safe_numerics::ignore_exception, boost::safe_numerics::ignore_exception&amp;gt; &amp;gt;; U = boost::safe_numerics::safe_base&amp;lt;signed char, -128, 127, boost::safe_numerics::native, boost::safe_numerics::exception_policy&amp;lt;boost::safe_numerics::trap_exception, boost::safe_numerics::ignore_exception, boost::safe_numerics::ignore_exception, boost::safe_numerics::ignore_exception&amp;gt; &amp;gt;]’
../../../boost/safe_numerics/safe_base_operations.hpp:722:10:   required from ‘static constexpr boost::safe_numerics::division_result&amp;lt;T, U&amp;gt;::result_base_type boost::safe_numerics::division_result&amp;lt;T, U&amp;gt;::return_value(const T&amp;amp;, const U&amp;amp;, std::true_type) [with T = boost::safe_numerics::safe_base&amp;lt;signed char, -128, 127, boost::safe_numerics::native, boost::safe_numerics::exception_policy&amp;lt;boost::safe_numerics::trap_exception, boost::safe_numerics::ignore_exception, boost::safe_numerics::ignore_exception, boost::safe_numerics::ignore_exception&amp;gt; &amp;gt;; U = boost::safe_numerics::safe_base&amp;lt;signed char, -128, 127, boost::safe_numerics::native, boost::safe_numerics::exception_policy&amp;lt;boost::safe_numerics::trap_exception, boost::safe_numerics::ignore_exception, boost::safe_numerics::ignore_exception, boost::safe_numerics::ignore_exception&amp;gt; &amp;gt;; boost::safe_numerics::division_result&amp;lt;T, U&amp;gt;::result_base_type = int; std::true_type = std::integral_constant&amp;lt;bool, true&amp;gt;]’
../../../boost/safe_numerics/safe_base_operations.hpp:805:25:   required from ‘static constexpr boost::safe_numerics::division_result&amp;lt;T, U&amp;gt;::type boost::safe_numerics::division_result&amp;lt;T, U&amp;gt;::return_value(const T&amp;amp;, const U&amp;amp;) [with T = boost::safe_numerics::safe_base&amp;lt;signed char, -128, 127, boost::safe_numerics::native, boost::safe_numerics::exception_policy&amp;lt;boost::safe_numerics::trap_exception, boost::safe_numerics::ignore_exception, boost::safe_numerics::ignore_exception, boost::safe_numerics::ignore_exception&amp;gt; &amp;gt;; U = boost::safe_numerics::safe_base&amp;lt;signed char, -128, 127, boost::safe_numerics::native, boost::safe_numerics::exception_policy&amp;lt;boost::safe_numerics::trap_exception, boost::safe_numerics::ignore_exception, boost::safe_numerics::ignore_exception, boost::safe_numerics::ignore_exception&amp;gt; &amp;gt;; boost::safe_numerics::division_result&amp;lt;T, U&amp;gt;::type = boost::safe_numerics::safe_base&amp;lt;int, -128, 128, boost::safe_numerics::native, boost::safe_numerics::exception_policy&amp;lt;boost::safe_numerics::trap_exception, boost::safe_numerics::ignore_exception, boost::safe_numerics::ignore_exception, boost::safe_numerics::ignore_exception&amp;gt; &amp;gt;; typename boost::safe_numerics::common_exception_policy&amp;lt;T, U&amp;gt;::type = boost::safe_numerics::exception_policy&amp;lt;boost::safe_numerics::trap_exception, boost::safe_numerics::ignore_exception, boost::safe_numerics::ignore_exception, boost::safe_numerics::ignore_exception&amp;gt;; typename boost::safe_numerics::common_promotion_policy&amp;lt;T, U&amp;gt;::type = boost::safe_numerics::native; typename boost::safe_numerics::common_promotion_policy&amp;lt;T, U&amp;gt;::type::division_result&amp;lt;T, U&amp;gt;::type = int]’
../../../boost/safe_numerics/safe_base_operations.hpp:821:47:   required from ‘constexpr typename boost::lazy_enable_if_c&amp;lt;(boost::safe_numerics::is_safe&amp;lt;T&amp;gt;::value || boost::safe_numerics::is_safe&amp;lt;U&amp;gt;::value), boost::safe_numerics::division_result&amp;lt;T, U&amp;gt; &amp;gt;::type boost::safe_numerics::operator/(const T&amp;amp;, const U&amp;amp;) [with T = boost::safe_numerics::safe_base&amp;lt;signed char, -128, 127, boost::safe_numerics::native, boost::safe_numerics::exception_policy&amp;lt;boost::safe_numerics::trap_exception, boost::safe_numerics::ignore_exception, boost::safe_numerics::ignore_exception, boost::safe_numerics::ignore_exception&amp;gt; &amp;gt;; U = boost::safe_numerics::safe_base&amp;lt;signed char, -128, 127, boost::safe_numerics::native, boost::safe_numerics::exception_policy&amp;lt;boost::safe_numerics::trap_exception, boost::safe_numerics::ignore_exception, boost::safe_numerics::ignore_exception, boost::safe_numerics::ignore_exception&amp;gt; &amp;gt;; typename boost::lazy_enable_if_c&amp;lt;(boost::safe_numerics::is_safe&amp;lt;T&amp;gt;::value || boost::safe_numerics::is_safe&amp;lt;U&amp;gt;::value), boost::safe_numerics::division_result&amp;lt;T, U&amp;gt; &amp;gt;::type = boost::safe_numerics::safe_base&amp;lt;int, -128, 128, boost::safe_numerics::native, boost::safe_numerics::exception_policy&amp;lt;boost::safe_numerics::trap_exception, boost::safe_numerics::ignore_exception, boost::safe_numerics::ignore_exception, boost::safe_numerics::ignore_exception&amp;gt; &amp;gt;]’
test_trap.cpp:30:7:   required from ‘void test() [with T = signed char; U = signed char]’
test_trap.cpp:39:36:   required from here
../../../boost/safe_numerics/checked_integer.hpp:64:81: error: ‘invoke&amp;lt;positive_overflow_error&amp;gt;’ is not a member of ‘boost::safe_numerics::dispatch_and_return&amp;lt;boost::safe_numerics::exception_policy&amp;lt;boost::safe_numerics::trap_exception, boost::safe_numerics::ignore_exception, boost::safe_numerics::ignore_exception, boost::safe_numerics::ignore_exception&amp;gt;, int&amp;gt;’
                 F::template invoke&amp;lt;safe_numerics_error::positive_overflow_error&amp;gt;(
                 ~~~~~~~~~~~~~~~~~~~~~~~~~~~~~~~~~~~~~~~~~~~~~~~~~~~~~~~~~~~~~~~~^
                     &quot;converted signed value too large&quot;
                     ~~~~~~~~~~~~~~~~~~~~~~~~~~~~~~~~~~                           
                 )
                 ~                                                                
../../../boost/safe_numerics/checked_integer.hpp:72:81: error: ‘invoke&amp;lt;negative_overflow_error&amp;gt;’ is not a member of ‘boost::safe_numerics::dispatch_and_return&amp;lt;boost::safe_numerics::exception_policy&amp;lt;boost::safe_numerics::trap_exception, boost::safe_numerics::ignore_exception, boost::safe_numerics::ignore_exception, boost::safe_numerics::ignore_exception&amp;gt;, int&amp;gt;’
                 F::template invoke&amp;lt;safe_numerics_error::negative_overflow_error&amp;gt;(
                 ~~~~~~~~~~~~~~~~~~~~~~~~~~~~~~~~~~~~~~~~~~~~~~~~~~~~~~~~~~~~~~~~^
                     &quot;converted signed value too small&quot;
                     ~~~~~~~~~~~~~~~~~~~~~~~~~~~~~~~~~~                           
                 )
                 ~                                                                
../../../boost/safe_numerics/checked_integer.hpp: In instantiation of ‘static constexpr boost::safe_numerics::checked_result&amp;lt;R&amp;gt; boost::safe_numerics::checked_operation&amp;lt;R, F, typename std::enable_if&amp;lt;std::is_integral&amp;lt;_Tp&amp;gt;::value&amp;gt;::type&amp;gt;::divide(const R&amp;amp;, const R&amp;amp;) [with R = int; F = boost::safe_numerics::dispatch_and_return&amp;lt;boost::safe_numerics::exception_policy&amp;lt;boost::safe_numerics::trap_exception, boost::safe_numerics::ignore_exception, boost::safe_numerics::ignore_exception, boost::safe_numerics::ignore_exception&amp;gt;, int&amp;gt;]’:
../../../boost/safe_numerics/safe_base_operations.hpp:727:18:   required from ‘static constexpr boost::safe_numerics::division_result&amp;lt;T, U&amp;gt;::result_base_type boost::safe_numerics::division_result&amp;lt;T, U&amp;gt;::return_value(const T&amp;amp;, const U&amp;amp;, std::true_type) [with T = boost::safe_numerics::safe_base&amp;lt;signed char, -128, 127, boost::safe_numerics::native, boost::safe_numerics::exception_policy&amp;lt;boost::safe_numerics::trap_exception, boost::safe_numerics::ignore_exception, boost::safe_numerics::ignore_exception, boost::safe_numerics::ignore_exception&amp;gt; &amp;gt;; U = boost::safe_numerics::safe_base&amp;lt;signed char, -128, 127, boost::safe_numerics::native, boost::safe_numerics::exception_policy&amp;lt;boost::safe_numerics::trap...
   (remainder deleted because of excessive size)
</pre>
<h2><a name="bin.v2/libs/safe_numerics/test/test_trap.test/darwin-7.1~14/release/visibility-hidden">bin.v2/libs/safe_numerics/test/test_trap.test/darwin-7.1~14/release/visibility-hidden</a></h2>
<h3>Compiler output:</h3><pre>
In file included from test_trap.cpp:12:0:
../../../boost/safe_numerics/exception_policies.hpp:151:22: error: ‘checked_result’ does not name a type
     constexpr static checked_result&amp;lt;R&amp;gt; invoke(
                      ^~~~~~~~~~~~~~
In file included from ../../../boost/safe_numerics/safe_integer.hpp:12:0,
                 from test_trap.cpp:13:
../../../boost/safe_numerics/checked_integer.hpp: In instantiation of ‘static constexpr boost::safe_numerics::checked_result&amp;lt;R&amp;gt; boost::safe_numerics::heterogeneous_checked_operation&amp;lt;R, T, F, typename std::enable_if&amp;lt;(std::is_integral&amp;lt;_Tp&amp;gt;::value &amp;amp;&amp;amp; std::is_integral&amp;lt;U&amp;gt;::value)&amp;gt;::type&amp;gt;::cast_impl_detail::cast_impl(const T&amp;amp;, std::true_type, std::true_type) [with R = int; T = signed char; F = boost::safe_numerics::dispatch_and_return&amp;lt;boost::safe_numerics::exception_policy&amp;lt;boost::safe_numerics::trap_exception, boost::safe_numerics::ignore_exception, boost::safe_numerics::ignore_exception, boost::safe_numerics::ignore_exception&amp;gt;, int&amp;gt;; std::true_type = std::integral_constant&amp;lt;bool, true&amp;gt;]’:
../../../boost/safe_numerics/checked_integer.hpp:147:40:   required from ‘static constexpr boost::safe_numerics::checked_result&amp;lt;R&amp;gt; boost::safe_numerics::heterogeneous_checked_operation&amp;lt;R, T, F, typename std::enable_if&amp;lt;(std::is_integral&amp;lt;_Tp&amp;gt;::value &amp;amp;&amp;amp; std::is_integral&amp;lt;U&amp;gt;::value)&amp;gt;::type&amp;gt;::cast(const T&amp;amp;) [with R = int; T = signed char; F = boost::safe_numerics::dispatch_and_return&amp;lt;boost::safe_numerics::exception_policy&amp;lt;boost::safe_numerics::trap_exception, boost::safe_numerics::ignore_exception, boost::safe_numerics::ignore_exception, boost::safe_numerics::ignore_exception&amp;gt;, int&amp;gt;]’
../../../boost/safe_numerics/safe_base_operations.hpp:296:12:   required from ‘constexpr std::pair&amp;lt;R, R&amp;gt; boost::safe_numerics::casting_helper(const T&amp;amp;, const U&amp;amp;) [with EP = boost::safe_numerics::exception_policy&amp;lt;boost::safe_numerics::trap_exception, boost::safe_numerics::ignore_exception, boost::safe_numerics::ignore_exception, boost::safe_numerics::ignore_exception&amp;gt;; R = int; T = boost::safe_numerics::safe_base&amp;lt;signed char, -128, 127, boost::safe_numerics::native, boost::safe_numerics::exception_policy&amp;lt;boost::safe_numerics::trap_exception, boost::safe_numerics::ignore_exception, boost::safe_numerics::ignore_exception, boost::safe_numerics::ignore_exception&amp;gt; &amp;gt;; U = boost::safe_numerics::safe_base&amp;lt;signed char, -128, 127, boost::safe_numerics::native, boost::safe_numerics::exception_policy&amp;lt;boost::safe_numerics::trap_exception, boost::safe_numerics::ignore_exception, boost::safe_numerics::ignore_exception, boost::safe_numerics::ignore_exception&amp;gt; &amp;gt;]’
../../../boost/safe_numerics/safe_base_operations.hpp:722:10:   required from ‘static constexpr boost::safe_numerics::division_result&amp;lt;T, U&amp;gt;::result_base_type boost::safe_numerics::division_result&amp;lt;T, U&amp;gt;::return_value(const T&amp;amp;, const U&amp;amp;, std::true_type) [with T = boost::safe_numerics::safe_base&amp;lt;signed char, -128, 127, boost::safe_numerics::native, boost::safe_numerics::exception_policy&amp;lt;boost::safe_numerics::trap_exception, boost::safe_numerics::ignore_exception, boost::safe_numerics::ignore_exception, boost::safe_numerics::ignore_exception&amp;gt; &amp;gt;; U = boost::safe_numerics::safe_base&amp;lt;signed char, -128, 127, boost::safe_numerics::native, boost::safe_numerics::exception_policy&amp;lt;boost::safe_numerics::trap_exception, boost::safe_numerics::ignore_exception, boost::safe_numerics::ignore_exception, boost::safe_numerics::ignore_exception&amp;gt; &amp;gt;; boost::safe_numerics::division_result&amp;lt;T, U&amp;gt;::result_base_type = int; std::true_type = std::integral_constant&amp;lt;bool, true&amp;gt;]’
../../../boost/safe_numerics/safe_base_operations.hpp:805:25:   required from ‘static constexpr boost::safe_numerics::division_result&amp;lt;T, U&amp;gt;::type boost::safe_numerics::division_result&amp;lt;T, U&amp;gt;::return_value(const T&amp;amp;, const U&amp;amp;) [with T = boost::safe_numerics::safe_base&amp;lt;signed char, -128, 127, boost::safe_numerics::native, boost::safe_numerics::exception_policy&amp;lt;boost::safe_numerics::trap_exception, boost::safe_numerics::ignore_exception, boost::safe_numerics::ignore_exception, boost::safe_numerics::ignore_exception&amp;gt; &amp;gt;; U = boost::safe_numerics::safe_base&amp;lt;signed char, -128, 127, boost::safe_numerics::native, boost::safe_numerics::exception_policy&amp;lt;boost::safe_numerics::trap_exception, boost::safe_numerics::ignore_exception, boost::safe_numerics::ignore_exception, boost::safe_numerics::ignore_exception&amp;gt; &amp;gt;; boost::safe_numerics::division_result&amp;lt;T, U&amp;gt;::type = boost::safe_numerics::safe_base&amp;lt;int, -128, 128, boost::safe_numerics::native, boost::safe_numerics::exception_policy&amp;lt;boost::safe_numerics::trap_exception, boost::safe_numerics::ignore_exception, boost::safe_numerics::ignore_exception, boost::safe_numerics::ignore_exception&amp;gt; &amp;gt;; typename boost::safe_numerics::common_exception_policy&amp;lt;T, U&amp;gt;::type = boost::safe_numerics::exception_policy&amp;lt;boost::safe_numerics::trap_exception, boost::safe_numerics::ignore_exception, boost::safe_numerics::ignore_exception, boost::safe_numerics::ignore_exception&amp;gt;; typename boost::safe_numerics::common_promotion_policy&amp;lt;T, U&amp;gt;::type = boost::safe_numerics::native; typename boost::safe_numerics::common_promotion_policy&amp;lt;T, U&amp;gt;::type::division_result&amp;lt;T, U&amp;gt;::type = int]’
../../../boost/safe_numerics/safe_base_operations.hpp:821:47:   required from ‘constexpr typename boost::lazy_enable_if_c&amp;lt;(boost::safe_numerics::is_safe&amp;lt;T&amp;gt;::value || boost::safe_numerics::is_safe&amp;lt;U&amp;gt;::value), boost::safe_numerics::division_result&amp;lt;T, U&amp;gt; &amp;gt;::type boost::safe_numerics::operator/(const T&amp;amp;, const U&amp;amp;) [with T = boost::safe_numerics::safe_base&amp;lt;signed char, -128, 127, boost::safe_numerics::native, boost::safe_numerics::exception_policy&amp;lt;boost::safe_numerics::trap_exception, boost::safe_numerics::ignore_exception, boost::safe_numerics::ignore_exception, boost::safe_numerics::ignore_exception&amp;gt; &amp;gt;; U = boost::safe_numerics::safe_base&amp;lt;signed char, -128, 127, boost::safe_numerics::native, boost::safe_numerics::exception_policy&amp;lt;boost::safe_numerics::trap_exception, boost::safe_numerics::ignore_exception, boost::safe_numerics::ignore_exception, boost::safe_numerics::ignore_exception&amp;gt; &amp;gt;; typename boost::lazy_enable_if_c&amp;lt;(boost::safe_numerics::is_safe&amp;lt;T&amp;gt;::value || boost::safe_numerics::is_safe&amp;lt;U&amp;gt;::value), boost::safe_numerics::division_result&amp;lt;T, U&amp;gt; &amp;gt;::type = boost::safe_numerics::safe_base&amp;lt;int, -128, 128, boost::safe_numerics::native, boost::safe_numerics::exception_policy&amp;lt;boost::safe_numerics::trap_exception, boost::safe_numerics::ignore_exception, boost::safe_numerics::ignore_exception, boost::safe_numerics::ignore_exception&amp;gt; &amp;gt;]’
test_trap.cpp:30:7:   required from ‘void test() [with T = signed char; U = signed char]’
test_trap.cpp:39:36:   required from here
../../../boost/safe_numerics/checked_integer.hpp:64:81: error: ‘invoke&amp;lt;positive_overflow_error&amp;gt;’ is not a member of ‘boost::safe_numerics::dispatch_and_return&amp;lt;boost::safe_numerics::exception_policy&amp;lt;boost::safe_numerics::trap_exception, boost::safe_numerics::ignore_exception, boost::safe_numerics::ignore_exception, boost::safe_numerics::ignore_exception&amp;gt;, int&amp;gt;’
                 F::template invoke&amp;lt;safe_numerics_error::positive_overflow_error&amp;gt;(
                 ~~~~~~~~~~~~~~~~~~~~~~~~~~~~~~~~~~~~~~~~~~~~~~~~~~~~~~~~~~~~~~~~^
                     &quot;converted signed value too large&quot;
                     ~~~~~~~~~~~~~~~~~~~~~~~~~~~~~~~~~~                           
                 )
                 ~                                                                
../../../boost/safe_numerics/checked_integer.hpp:72:81: error: ‘invoke&amp;lt;negative_overflow_error&amp;gt;’ is not a member of ‘boost::safe_numerics::dispatch_and_return&amp;lt;boost::safe_numerics::exception_policy&amp;lt;boost::safe_numerics::trap_exception, boost::safe_numerics::ignore_exception, boost::safe_numerics::ignore_exception, boost::safe_numerics::ignore_exception&amp;gt;, int&amp;gt;’
                 F::template invoke&amp;lt;safe_numerics_error::negative_overflow_error&amp;gt;(
                 ~~~~~~~~~~~~~~~~~~~~~~~~~~~~~~~~~~~~~~~~~~~~~~~~~~~~~~~~~~~~~~~~^
                     &quot;converted signed value too small&quot;
                     ~~~~~~~~~~~~~~~~~~~~~~~~~~~~~~~~~~                           
                 )
                 ~                                                                
../../../boost/safe_numerics/checked_integer.hpp: In instantiation of ‘static constexpr boost::safe_numerics::checked_result&amp;lt;R&amp;gt; boost::safe_numerics::checked_operation&amp;lt;R, F, typename std::enable_if&amp;lt;std::is_integral&amp;lt;_Tp&amp;gt;::value&amp;gt;::type&amp;gt;::divide(const R&amp;amp;, const R&amp;amp;) [with R = int; F = boost::safe_numerics::dispatch_and_return&amp;lt;boost::safe_numerics::exception_policy&amp;lt;boost::safe_numerics::trap_exception, boost::safe_numerics::ignore_exception, boost::safe_numerics::ignore_exception, boost::safe_numerics::ignore_exception&amp;gt;, int&amp;gt;]’:
../../../boost/safe_numerics/safe_base_operations.hpp:727:18:   required from ‘static constexpr boost::safe_numerics::division_result&amp;lt;T, U&amp;gt;::result_base_type boost::safe_numerics::division_result&amp;lt;T, U&amp;gt;::return_value(const T&amp;amp;, const U&amp;amp;, std::true_type) [with T = boost::safe_numerics::safe_base&amp;lt;signed char, -128, 127, boost::safe_numerics::native, boost::safe_numerics::exception_policy&amp;lt;boost::safe_numerics::trap_exception, boost::safe_numerics::ignore_exception, boost::safe_numerics::ignore_exception, boost::safe_numerics::ignore_exception&amp;gt; &amp;gt;; U = boost::safe_numerics::safe_base&amp;lt;signed char, -128, 127, boost::safe_numerics::native, boost::safe_numerics::exception_policy&amp;lt;boost::safe_numerics::trap...
   (remainder deleted because of excessive size)
</pre>
</body>
</html>
